<?xml version="1.0" encoding="UTF-8"?>
<!-- Generated by org.testng.reporters.JUnitXMLReporter -->
<testsuite ignored="0" hostname="LAPTOP-JOD2AMH8" failures="0" tests="2" name="Default test" time="0.085" errors="0" timestamp="2022-08-15T23:52:16 IST">
  <testcase classname="com.testvagrant.assignment.ValidateForeignPlayersInTeam" name="validateForeignPlayersInTeam" time="0.006"/>
  <testcase classname="com.testvagrant.assignment.ValidateForeignPlayersInTeam" name="validateWicketKeepersInTeam" time="0.001"/>
</testsuite> <!-- Default test -->
