<?xml version="1.0" encoding="UTF-8"?>
<testng-results ignored="0" total="2" passed="2" failed="0" skipped="0">
  <reporter-output>
  </reporter-output>
  <suite started-at="2022-08-15T23:52:16 IST" name="Default suite" finished-at="2022-08-15T23:52:16 IST" duration-ms="85">
    <groups>
    </groups>
    <test started-at="2022-08-15T23:52:16 IST" name="Default test" finished-at="2022-08-15T23:52:16 IST" duration-ms="85">
      <class name="com.testvagrant.assignment.ValidateForeignPlayersInTeam">
        <test-method is-config="true" signature="fetchPlayersDetails()[pri:0, instance:com.testvagrant.assignment.ValidateForeignPlayersInTeam@48f278eb]" started-at="2022-08-15T23:52:16 IST" name="fetchPlayersDetails" finished-at="2022-08-15T23:52:16 IST" duration-ms="33" status="PASS">
          <reporter-output>
          </reporter-output>
        </test-method> <!-- fetchPlayersDetails -->
        <test-method signature="validateForeignPlayersInTeam()[pri:0, instance:com.testvagrant.assignment.ValidateForeignPlayersInTeam@48f278eb]" started-at="2022-08-15T23:52:16 IST" name="validateForeignPlayersInTeam" finished-at="2022-08-15T23:52:16 IST" duration-ms="6" status="PASS">
          <reporter-output>
          </reporter-output>
        </test-method> <!-- validateForeignPlayersInTeam -->
        <test-method is-config="true" signature="fetchPlayersDetails()[pri:0, instance:com.testvagrant.assignment.ValidateForeignPlayersInTeam@48f278eb]" started-at="2022-08-15T23:52:16 IST" name="fetchPlayersDetails" finished-at="2022-08-15T23:52:16 IST" duration-ms="1" status="PASS">
          <reporter-output>
          </reporter-output>
        </test-method> <!-- fetchPlayersDetails -->
        <test-method signature="validateWicketKeepersInTeam()[pri:0, instance:com.testvagrant.assignment.ValidateForeignPlayersInTeam@48f278eb]" started-at="2022-08-15T23:52:16 IST" name="validateWicketKeepersInTeam" finished-at="2022-08-15T23:52:16 IST" duration-ms="1" status="PASS">
          <reporter-output>
          </reporter-output>
        </test-method> <!-- validateWicketKeepersInTeam -->
      </class> <!-- com.testvagrant.assignment.ValidateForeignPlayersInTeam -->
    </test> <!-- Default test -->
  </suite> <!-- Default suite -->
</testng-results>
